manifest_merge_blame_file/debug/manifest-merger-blame-debug-report.txt
1<?xml version="1.0" encoding="utf-8"?>
2<manifest xmlns:android="http://schemas.android.com/apk/res/android"
3    package="com.example.flashchat"
4    android:versionCode="1"
5    android:versionName="1.0" >
6
7    <uses-sdk
8        android:minSdkVersion="24"
8-->src\main\AndroidManifest.xml
9        android:targetSdkVersion="33" />
9-->src\main\AndroidManifest.xml
10
11    <uses-permission android:name="android.permission.INTERNET" />
11-->[com.google.firebase:firebase-auth:21.2.0] AndroidManifest.xml:25:5-67
11-->[com.google.firebase:firebase-auth:21.2.0] AndroidManifest.xml:25:22-64
12    <uses-permission android:name="android.permission.ACCESS_NETWORK_STATE" />
12-->[com.google.firebase:firebase-auth:21.2.0] AndroidManifest.xml:26:5-79
12-->[com.google.firebase:firebase-auth:21.2.0] AndroidManifest.xml:26:22-76
13    <uses-permission android:name="android.permission.WAKE_LOCK" />
13-->[com.google.android.gms:play-services-measurement-api:19.0.0] AndroidManifest.xml:24:5-68
13-->[com.google.android.gms:play-services-measurement-api:19.0.0] AndroidManifest.xml:24:22-65
14    <uses-permission android:name="com.google.android.finsky.permission.BIND_GET_INSTALL_REFERRER_SERVICE" />
14-->[com.google.android.gms:play-services-measurement:19.0.0] AndroidManifest.xml:26:5-110
14-->[com.google.android.gms:play-services-measurement:19.0.0] AndroidManifest.xml:26:22-107
15
16    <application
16-->src\main\AndroidManifest.xml:5:5-45:19
17        android:allowBackup="true"
17-->src\main\AndroidManifest.xml:6:9-35
18        android:appComponentFactory="androidx.core.app.CoreComponentFactory"
18-->[androidx.core:core:1.7.0] AndroidManifest.xml:24:18-86
19        android:dataExtractionRules="@xml/data_extraction_rules"
19-->src\main\AndroidManifest.xml:7:9-65
20        android:debuggable="true"
21        android:extractNativeLibs="false"
22        android:fullBackupContent="@xml/backup_rules"
22-->src\main\AndroidManifest.xml:8:9-54
23        android:icon="@drawable/androidparty"
23-->src\main\AndroidManifest.xml:9:9-46
24        android:label="@string/app_name"
24-->src\main\AndroidManifest.xml:10:9-41
25        android:supportsRtl="true"
25-->src\main\AndroidManifest.xml:11:9-35
26        android:testOnly="true"
27        android:theme="@style/Theme.FlashChat" >
27-->src\main\AndroidManifest.xml:12:9-47
28        <activity
28-->src\main\AndroidManifest.xml:14:9-18:54
29            android:name="com.example.flashchat.Widgets"
29-->src\main\AndroidManifest.xml:15:13-36
30            android:exported="false"
30-->src\main\AndroidManifest.xml:16:13-37
31            android:label="@string/title_activity_widgets"
31-->src\main\AndroidManifest.xml:17:13-59
32            android:theme="@style/Theme.FlashChat" />
32-->src\main\AndroidManifest.xml:18:13-51
33        <activity
33-->src\main\AndroidManifest.xml:19:9-23:54
34            android:name="com.example.flashchat.AuthenticationOption"
34-->src\main\AndroidManifest.xml:20:13-49
35            android:exported="false"
35-->src\main\AndroidManifest.xml:21:13-37
36            android:label="@string/title_activity_authentication_option"
36-->src\main\AndroidManifest.xml:22:13-73
37            android:theme="@style/Theme.FlashChat" />
37-->src\main\AndroidManifest.xml:23:13-51
38        <activity
38-->src\main\AndroidManifest.xml:24:9-28:54
39            android:name="com.example.flashchat.Navigation"
39-->src\main\AndroidManifest.xml:25:13-39
40            android:exported="false"
40-->src\main\AndroidManifest.xml:26:13-37
41            android:label="@string/title_activity_navigation"
41-->src\main\AndroidManifest.xml:27:13-62
42            android:theme="@style/Theme.FlashChat" />
42-->src\main\AndroidManifest.xml:28:13-51
43        <activity
43-->src\main\AndroidManifest.xml:29:9-33:54
44            android:name="com.example.flashchat.NavComposeApp"
44-->src\main\AndroidManifest.xml:30:13-42
45            android:exported="false"
45-->src\main\AndroidManifest.xml:31:13-37
46            android:label="@string/title_activity_nav_compose_app"
46-->src\main\AndroidManifest.xml:32:13-67
47            android:theme="@style/Theme.FlashChat" />
47-->src\main\AndroidManifest.xml:33:13-51
48        <activity
48-->src\main\AndroidManifest.xml:34:9-44:20
49            android:name="com.example.flashchat.MainActivity"
49-->src\main\AndroidManifest.xml:35:13-41
50            android:exported="true"
50-->src\main\AndroidManifest.xml:36:13-36
51            android:label="@string/app_name"
51-->src\main\AndroidManifest.xml:37:13-45
52            android:theme="@style/Theme.FlashChat" >
52-->src\main\AndroidManifest.xml:38:13-51
53            <intent-filter>
53-->src\main\AndroidManifest.xml:39:13-43:29
54                <action android:name="android.intent.action.MAIN" />
54-->src\main\AndroidManifest.xml:40:17-69
54-->src\main\AndroidManifest.xml:40:25-66
55
56                <category android:name="android.intent.category.LAUNCHER" />
56-->src\main\AndroidManifest.xml:42:17-77
56-->src\main\AndroidManifest.xml:42:27-74
57            </intent-filter>
58        </activity>
59
60        <service
60-->[com.google.firebase:firebase-auth-ktx:21.2.0] AndroidManifest.xml:8:9-14:19
61            android:name="com.google.firebase.components.ComponentDiscoveryService"
61-->[com.google.firebase:firebase-auth-ktx:21.2.0] AndroidManifest.xml:9:13-84
62            android:directBootAware="true"
62-->[com.google.firebase:firebase-common:20.2.0] AndroidManifest.xml:34:13-43
63            android:exported="false" >
63-->[com.google.firebase:firebase-auth-ktx:21.2.0] AndroidManifest.xml:10:13-37
64            <meta-data
64-->[com.google.firebase:firebase-auth-ktx:21.2.0] AndroidManifest.xml:11:13-13:85
65                android:name="com.google.firebase.components:com.google.firebase.auth.ktx.FirebaseAuthKtxRegistrar"
65-->[com.google.firebase:firebase-auth-ktx:21.2.0] AndroidManifest.xml:12:17-116
66                android:value="com.google.firebase.components.ComponentRegistrar" />
66-->[com.google.firebase:firebase-auth-ktx:21.2.0] AndroidManifest.xml:13:17-82
67            <meta-data
67-->[com.google.firebase:firebase-analytics-ktx:19.0.0] AndroidManifest.xml:11:13-13:85
68                android:name="com.google.firebase.components:com.google.firebase.analytics.ktx.FirebaseAnalyticsKtxRegistrar"
68-->[com.google.firebase:firebase-analytics-ktx:19.0.0] AndroidManifest.xml:12:17-126
69                android:value="com.google.firebase.components.ComponentRegistrar" />
69-->[com.google.firebase:firebase-analytics-ktx:19.0.0] AndroidManifest.xml:13:17-82
70            <meta-data
70-->[com.google.firebase:firebase-firestore-ktx:23.0.3] AndroidManifest.xml:15:13-17:85
71                android:name="com.google.firebase.components:com.google.firebase.firestore.ktx.FirebaseFirestoreKtxRegistrar"
71-->[com.google.firebase:firebase-firestore-ktx:23.0.3] AndroidManifest.xml:16:17-126
72                android:value="com.google.firebase.components.ComponentRegistrar" />
72-->[com.google.firebase:firebase-firestore-ktx:23.0.3] AndroidManifest.xml:17:17-82
73            <meta-data
73-->[com.google.firebase:firebase-common-ktx:20.2.0] AndroidManifest.xml:14:13-16:85
74                android:name="com.google.firebase.components:com.google.firebase.ktx.FirebaseCommonKtxRegistrar"
74-->[com.google.firebase:firebase-common-ktx:20.2.0] AndroidManifest.xml:15:17-113
75                android:value="com.google.firebase.components.ComponentRegistrar" />
75-->[com.google.firebase:firebase-common-ktx:20.2.0] AndroidManifest.xml:16:17-82
76            <meta-data
76-->[com.google.firebase:firebase-auth:21.2.0] AndroidManifest.xml:69:13-71:85
77                android:name="com.google.firebase.components:com.google.firebase.auth.FirebaseAuthRegistrar"
77-->[com.google.firebase:firebase-auth:21.2.0] AndroidManifest.xml:70:17-109
78                android:value="com.google.firebase.components.ComponentRegistrar" />
78-->[com.google.firebase:firebase-auth:21.2.0] AndroidManifest.xml:71:17-82
79            <meta-data
79-->[com.google.firebase:firebase-firestore:24.1.1] AndroidManifest.xml:20:13-22:85
80                android:name="com.google.firebase.components:com.google.firebase.firestore.FirestoreRegistrar"
80-->[com.google.firebase:firebase-firestore:24.1.1] AndroidManifest.xml:21:17-111
81                android:value="com.google.firebase.components.ComponentRegistrar" />
81-->[com.google.firebase:firebase-firestore:24.1.1] AndroidManifest.xml:22:17-82
82            <meta-data
82-->[com.google.android.gms:play-services-measurement-api:19.0.0] AndroidManifest.xml:30:13-32:85
83                android:name="com.google.firebase.components:com.google.firebase.analytics.connector.internal.AnalyticsConnectorRegistrar"
83-->[com.google.android.gms:play-services-measurement-api:19.0.0] AndroidManifest.xml:31:17-139
84                android:value="com.google.firebase.components.ComponentRegistrar" />
84-->[com.google.android.gms:play-services-measurement-api:19.0.0] AndroidManifest.xml:32:17-82
85            <meta-data
85-->[com.google.firebase:firebase-installations:17.0.0] AndroidManifest.xml:18:13-20:85
86                android:name="com.google.firebase.components:com.google.firebase.installations.FirebaseInstallationsRegistrar"
86-->[com.google.firebase:firebase-installations:17.0.0] AndroidManifest.xml:19:17-127
87                android:value="com.google.firebase.components.ComponentRegistrar" />
87-->[com.google.firebase:firebase-installations:17.0.0] AndroidManifest.xml:20:17-82
88        </service>
89
90        <activity
90-->[com.google.firebase:firebase-auth:21.2.0] AndroidManifest.xml:29:9-46:20
91            android:name="com.google.firebase.auth.internal.GenericIdpActivity"
91-->[com.google.firebase:firebase-auth:21.2.0] AndroidManifest.xml:30:13-80
92            android:excludeFromRecents="true"
92-->[com.google.firebase:firebase-auth:21.2.0] AndroidManifest.xml:31:13-46
93            android:exported="true"
93-->[com.google.firebase:firebase-auth:21.2.0] AndroidManifest.xml:32:13-36
94            android:launchMode="singleTask"
94-->[com.google.firebase:firebase-auth:21.2.0] AndroidManifest.xml:33:13-44
95            android:theme="@android:style/Theme.Translucent.NoTitleBar" >
95-->[com.google.firebase:firebase-auth:21.2.0] AndroidManifest.xml:34:13-72
96            <intent-filter>
96-->[com.google.firebase:firebase-auth:21.2.0] AndroidManifest.xml:35:13-45:29
97                <action android:name="android.intent.action.VIEW" />
97-->[com.google.firebase:firebase-auth:21.2.0] AndroidManifest.xml:36:17-69
97-->[com.google.firebase:firebase-auth:21.2.0] AndroidManifest.xml:36:25-66
98
99                <category android:name="android.intent.category.DEFAULT" />
99-->[com.google.firebase:firebase-auth:21.2.0] AndroidManifest.xml:38:17-76
99-->[com.google.firebase:firebase-auth:21.2.0] AndroidManifest.xml:38:27-73
100                <category android:name="android.intent.category.BROWSABLE" />
100-->[com.google.firebase:firebase-auth:21.2.0] AndroidManifest.xml:39:17-78
100-->[com.google.firebase:firebase-auth:21.2.0] AndroidManifest.xml:39:27-75
101
102                <data
102-->[com.google.firebase:firebase-auth:21.2.0] AndroidManifest.xml:41:17-44:51
103                    android:host="firebase.auth"
103-->[com.google.firebase:firebase-auth:21.2.0] AndroidManifest.xml:42:21-49
104                    android:path="/"
104-->[com.google.firebase:firebase-auth:21.2.0] AndroidManifest.xml:43:21-37
105                    android:scheme="genericidp" />
105-->[com.google.firebase:firebase-auth:21.2.0] AndroidManifest.xml:44:21-48
106            </intent-filter>
107        </activity>
108        <activity
108-->[com.google.firebase:firebase-auth:21.2.0] AndroidManifest.xml:47:9-64:20
109            android:name="com.google.firebase.auth.internal.RecaptchaActivity"
109-->[com.google.firebase:firebase-auth:21.2.0] AndroidManifest.xml:48:13-79
110            android:excludeFromRecents="true"
110-->[com.google.firebase:firebase-auth:21.2.0] AndroidManifest.xml:49:13-46
111            android:exported="true"
111-->[com.google.firebase:firebase-auth:21.2.0] AndroidManifest.xml:50:13-36
112            android:launchMode="singleTask"
112-->[com.google.firebase:firebase-auth:21.2.0] AndroidManifest.xml:51:13-44
113            android:theme="@android:style/Theme.Translucent.NoTitleBar" >
113-->[com.google.firebase:firebase-auth:21.2.0] AndroidManifest.xml:52:13-72
114            <intent-filter>
114-->[com.google.firebase:firebase-auth:21.2.0] AndroidManifest.xml:53:13-63:29
115                <action android:name="android.intent.action.VIEW" />
115-->[com.google.firebase:firebase-auth:21.2.0] AndroidManifest.xml:36:17-69
115-->[com.google.firebase:firebase-auth:21.2.0] AndroidManifest.xml:36:25-66
116
117                <category android:name="android.intent.category.DEFAULT" />
117-->[com.google.firebase:firebase-auth:21.2.0] AndroidManifest.xml:38:17-76
117-->[com.google.firebase:firebase-auth:21.2.0] AndroidManifest.xml:38:27-73
118                <category android:name="android.intent.category.BROWSABLE" />
118-->[com.google.firebase:firebase-auth:21.2.0] AndroidManifest.xml:39:17-78
118-->[com.google.firebase:firebase-auth:21.2.0] AndroidManifest.xml:39:27-75
119
120                <data
120-->[com.google.firebase:firebase-auth:21.2.0] AndroidManifest.xml:41:17-44:51
121                    android:host="firebase.auth"
121-->[com.google.firebase:firebase-auth:21.2.0] AndroidManifest.xml:42:21-49
122                    android:path="/"
122-->[com.google.firebase:firebase-auth:21.2.0] AndroidManifest.xml:43:21-37
123                    android:scheme="recaptcha" />
123-->[com.google.firebase:firebase-auth:21.2.0] AndroidManifest.xml:44:21-48
124            </intent-filter>
125        </activity>
126        <activity
126-->[androidx.compose.ui:ui-tooling:1.2.0] AndroidManifest.xml:24:9-26:39
127            android:name="androidx.compose.ui.tooling.PreviewActivity"
127-->[androidx.compose.ui:ui-tooling:1.2.0] AndroidManifest.xml:25:13-71
128            android:exported="true" />
128-->[androidx.compose.ui:ui-tooling:1.2.0] AndroidManifest.xml:26:13-36
129        <activity
129-->[androidx.compose.ui:ui-test-manifest:1.2.0] AndroidManifest.xml:24:9-26:39
130            android:name="androidx.activity.ComponentActivity"
130-->[androidx.compose.ui:ui-test-manifest:1.2.0] AndroidManifest.xml:25:13-63
131            android:exported="true" />
131-->[androidx.compose.ui:ui-test-manifest:1.2.0] AndroidManifest.xml:26:13-36
132
133        <provider
133-->[com.google.firebase:firebase-common:20.2.0] AndroidManifest.xml:25:9-30:39
134            android:name="com.google.firebase.provider.FirebaseInitProvider"
134-->[com.google.firebase:firebase-common:20.2.0] AndroidManifest.xml:26:13-77
135            android:authorities="com.example.flashchat.firebaseinitprovider"
135-->[com.google.firebase:firebase-common:20.2.0] AndroidManifest.xml:27:13-72
136            android:directBootAware="true"
136-->[com.google.firebase:firebase-common:20.2.0] AndroidManifest.xml:28:13-43
137            android:exported="false"
137-->[com.google.firebase:firebase-common:20.2.0] AndroidManifest.xml:29:13-37
138            android:initOrder="100" />
138-->[com.google.firebase:firebase-common:20.2.0] AndroidManifest.xml:30:13-36
139
140        <activity
140-->[com.google.android.gms:play-services-base:18.0.1] AndroidManifest.xml:20:9-22:45
141            android:name="com.google.android.gms.common.api.GoogleApiActivity"
141-->[com.google.android.gms:play-services-base:18.0.1] AndroidManifest.xml:20:19-85
142            android:exported="false"
142-->[com.google.android.gms:play-services-base:18.0.1] AndroidManifest.xml:22:19-43
143            android:theme="@android:style/Theme.Translucent.NoTitleBar" />
143-->[com.google.android.gms:play-services-base:18.0.1] AndroidManifest.xml:21:19-78
144
145        <receiver
145-->[com.google.android.gms:play-services-measurement:19.0.0] AndroidManifest.xml:29:9-33:20
146            android:name="com.google.android.gms.measurement.AppMeasurementReceiver"
146-->[com.google.android.gms:play-services-measurement:19.0.0] AndroidManifest.xml:30:13-85
147            android:enabled="true"
147-->[com.google.android.gms:play-services-measurement:19.0.0] AndroidManifest.xml:31:13-35
148            android:exported="false" >
148-->[com.google.android.gms:play-services-measurement:19.0.0] AndroidManifest.xml:32:13-37
149        </receiver>
150
151        <service
151-->[com.google.android.gms:play-services-measurement:19.0.0] AndroidManifest.xml:35:9-38:40
152            android:name="com.google.android.gms.measurement.AppMeasurementService"
152-->[com.google.android.gms:play-services-measurement:19.0.0] AndroidManifest.xml:36:13-84
153            android:enabled="true"
153-->[com.google.android.gms:play-services-measurement:19.0.0] AndroidManifest.xml:37:13-35
154            android:exported="false" />
154-->[com.google.android.gms:play-services-measurement:19.0.0] AndroidManifest.xml:38:13-37
155        <service
155-->[com.google.android.gms:play-services-measurement:19.0.0] AndroidManifest.xml:39:9-43:72
156            android:name="com.google.android.gms.measurement.AppMeasurementJobService"
156-->[com.google.android.gms:play-services-measurement:19.0.0] AndroidManifest.xml:40:13-87
157            android:enabled="true"
157-->[com.google.android.gms:play-services-measurement:19.0.0] AndroidManifest.xml:41:13-35
158            android:exported="false"
158-->[com.google.android.gms:play-services-measurement:19.0.0] AndroidManifest.xml:42:13-37
159            android:permission="android.permission.BIND_JOB_SERVICE" />
159-->[com.google.android.gms:play-services-measurement:19.0.0] AndroidManifest.xml:43:13-69
160
161        <meta-data
161-->[com.google.android.gms:play-services-basement:18.1.0] AndroidManifest.xml:21:9-23:69
162            android:name="com.google.android.gms.version"
162-->[com.google.android.gms:play-services-basement:18.1.0] AndroidManifest.xml:22:13-58
163            android:value="@integer/google_play_services_version" />
163-->[com.google.android.gms:play-services-basement:18.1.0] AndroidManifest.xml:23:13-66
164
165        <provider
165-->[androidx.profileinstaller:profileinstaller:1.2.0] AndroidManifest.xml:25:9-33:20
166            android:name="androidx.startup.InitializationProvider"
166-->[androidx.profileinstaller:profileinstaller:1.2.0] AndroidManifest.xml:26:13-67
167            android:authorities="com.example.flashchat.androidx-startup"
167-->[androidx.profileinstaller:profileinstaller:1.2.0] AndroidManifest.xml:27:13-68
168            android:exported="false" >
168-->[androidx.profileinstaller:profileinstaller:1.2.0] AndroidManifest.xml:28:13-37
169            <meta-data
169-->[androidx.profileinstaller:profileinstaller:1.2.0] AndroidManifest.xml:30:13-32:52
170                android:name="androidx.profileinstaller.ProfileInstallerInitializer"
170-->[androidx.profileinstaller:profileinstaller:1.2.0] AndroidManifest.xml:31:17-85
171                android:value="androidx.startup" />
171-->[androidx.profileinstaller:profileinstaller:1.2.0] AndroidManifest.xml:32:17-49
172        </provider>
173
174        <receiver
174-->[androidx.profileinstaller:profileinstaller:1.2.0] AndroidManifest.xml:35:9-47:20
175            android:name="androidx.profileinstaller.ProfileInstallReceiver"
175-->[androidx.profileinstaller:profileinstaller:1.2.0] AndroidManifest.xml:36:13-76
176            android:directBootAware="false"
176-->[androidx.profileinstaller:profileinstaller:1.2.0] AndroidManifest.xml:37:13-44
177            android:enabled="true"
177-->[androidx.profileinstaller:profileinstaller:1.2.0] AndroidManifest.xml:38:13-35
178            android:exported="true"
178-->[androidx.profileinstaller:profileinstaller:1.2.0] AndroidManifest.xml:39:13-36
179            android:permission="android.permission.DUMP" >
179-->[androidx.profileinstaller:profileinstaller:1.2.0] AndroidManifest.xml:40:13-57
180            <intent-filter>
180-->[androidx.profileinstaller:profileinstaller:1.2.0] AndroidManifest.xml:41:13-43:29
181                <action android:name="androidx.profileinstaller.action.INSTALL_PROFILE" />
181-->[androidx.profileinstaller:profileinstaller:1.2.0] AndroidManifest.xml:42:17-91
181-->[androidx.profileinstaller:profileinstaller:1.2.0] AndroidManifest.xml:42:25-88
182            </intent-filter>
183            <intent-filter>
183-->[androidx.profileinstaller:profileinstaller:1.2.0] AndroidManifest.xml:44:13-46:29
184                <action android:name="androidx.profileinstaller.action.SKIP_FILE" />
184-->[androidx.profileinstaller:profileinstaller:1.2.0] AndroidManifest.xml:45:17-85
184-->[androidx.profileinstaller:profileinstaller:1.2.0] AndroidManifest.xml:45:25-82
185            </intent-filter>
186        </receiver>
187    </application>
188
189</manifest>